0 info it worked if it ends with ok
1 verbose cli [ '/usr/bin/nodejs', '/usr/bin/npm', 'install', '-g', 'phonegap' ]
2 info using npm@3.10.6
3 info using node@v4.5.0
4 silly loadCurrentTree Starting
5 silly install loadCurrentTree
6 silly install readGlobalPackageData
7 silly fetchPackageMetaData phonegap
8 silly fetchNamedPackageData phonegap
9 silly mapToRegistry name phonegap
10 silly mapToRegistry using default registry
11 silly mapToRegistry registry https://registry.npmjs.org/
12 silly mapToRegistry data Result {
12 silly mapToRegistry   raw: 'phonegap',
12 silly mapToRegistry   scope: null,
12 silly mapToRegistry   escapedName: 'phonegap',
12 silly mapToRegistry   name: 'phonegap',
12 silly mapToRegistry   rawSpec: '',
12 silly mapToRegistry   spec: 'latest',
12 silly mapToRegistry   type: 'tag' }
13 silly mapToRegistry uri https://registry.npmjs.org/phonegap
14 verbose request uri https://registry.npmjs.org/phonegap
15 verbose request no auth needed
16 info attempt registry request try #1 at 5:49:07 PM
17 verbose request id 264b64eb62a32c31
18 http request GET https://registry.npmjs.org/phonegap
19 http 200 https://registry.npmjs.org/phonegap
20 verbose headers { server: 'CouchDB/1.5.0 (Erlang OTP/R16B03)',
20 verbose headers   etag: '"AFQXGF8396MRCZCU3KPWVHMBV"',
20 verbose headers   'content-type': 'application/json',
20 verbose headers   'content-encoding': 'gzip',
20 verbose headers   'cache-control': 'max-age=300',
20 verbose headers   'content-length': '28546',
20 verbose headers   'accept-ranges': 'bytes',
20 verbose headers   date: 'Wed, 07 Sep 2016 12:21:16 GMT',
20 verbose headers   via: '1.1 varnish',
20 verbose headers   age: '268',
20 verbose headers   connection: 'keep-alive',
20 verbose headers   'x-served-by': 'cache-sin6924-SIN',
20 verbose headers   'x-cache': 'HIT',
20 verbose headers   'x-cache-hits': '3',
20 verbose headers   'x-timer': 'S1473250876.198818,VS0,VE0',
20 verbose headers   vary: 'Accept-Encoding' }
21 silly get cb [ 200,
21 silly get   { server: 'CouchDB/1.5.0 (Erlang OTP/R16B03)',
21 silly get     etag: '"AFQXGF8396MRCZCU3KPWVHMBV"',
21 silly get     'content-type': 'application/json',
21 silly get     'content-encoding': 'gzip',
21 silly get     'cache-control': 'max-age=300',
21 silly get     'content-length': '28546',
21 silly get     'accept-ranges': 'bytes',
21 silly get     date: 'Wed, 07 Sep 2016 12:21:16 GMT',
21 silly get     via: '1.1 varnish',
21 silly get     age: '268',
21 silly get     connection: 'keep-alive',
21 silly get     'x-served-by': 'cache-sin6924-SIN',
21 silly get     'x-cache': 'HIT',
21 silly get     'x-cache-hits': '3',
21 silly get     'x-timer': 'S1473250876.198818,VS0,VE0',
21 silly get     vary: 'Accept-Encoding' } ]
22 verbose get saving phonegap to /home/deepank/.npm/registry.npmjs.org/phonegap/.cache.json
23 verbose correctMkdir /home/deepank/.npm correctMkdir not in flight; initializing
24 silly install normalizeTree
25 silly loadCurrentTree Finishing
26 silly loadIdealTree Starting
27 silly install loadIdealTree
28 silly cloneCurrentTree Starting
29 silly install cloneCurrentTreeToIdealTree
30 silly cloneCurrentTree Finishing
31 silly loadShrinkwrap Starting
32 silly install loadShrinkwrap
33 silly loadShrinkwrap Finishing
34 silly loadAllDepsIntoIdealTree Starting
35 silly install loadAllDepsIntoIdealTree
36 silly resolveWithNewModule phonegap@6.3.0 checking installable status
37 silly cache add args [ 'phonegap', null ]
38 verbose cache add spec phonegap
39 silly cache add parsed spec Result {
39 silly cache add   raw: 'phonegap',
39 silly cache add   scope: null,
39 silly cache add   escapedName: 'phonegap',
39 silly cache add   name: 'phonegap',
39 silly cache add   rawSpec: '',
39 silly cache add   spec: 'latest',
39 silly cache add   type: 'tag' }
40 silly addNamed phonegap@latest
41 verbose addNamed "latest" is being treated as a dist-tag for phonegap
42 info addNameTag [ 'phonegap', 'latest' ]
43 silly mapToRegistry name phonegap
44 silly mapToRegistry using default registry
45 silly mapToRegistry registry https://registry.npmjs.org/
46 silly mapToRegistry data Result {
46 silly mapToRegistry   raw: 'phonegap',
46 silly mapToRegistry   scope: null,
46 silly mapToRegistry   escapedName: 'phonegap',
46 silly mapToRegistry   name: 'phonegap',
46 silly mapToRegistry   rawSpec: '',
46 silly mapToRegistry   spec: 'latest',
46 silly mapToRegistry   type: 'tag' }
47 silly mapToRegistry uri https://registry.npmjs.org/phonegap
48 verbose addNameTag registry:https://registry.npmjs.org/phonegap not in flight; fetching
49 verbose get https://registry.npmjs.org/phonegap not expired, no request
50 silly addNameTag next cb for phonegap with tag latest
51 silly addNamed phonegap@6.3.0
52 verbose addNamed "6.3.0" is a plain semver version for phonegap
53 silly mapToRegistry name phonegap
54 silly mapToRegistry using default registry
55 silly mapToRegistry registry https://registry.npmjs.org/
56 silly mapToRegistry data Result {
56 silly mapToRegistry   raw: 'phonegap',
56 silly mapToRegistry   scope: null,
56 silly mapToRegistry   escapedName: 'phonegap',
56 silly mapToRegistry   name: 'phonegap',
56 silly mapToRegistry   rawSpec: '',
56 silly mapToRegistry   spec: 'latest',
56 silly mapToRegistry   type: 'tag' }
57 silly mapToRegistry uri https://registry.npmjs.org/phonegap
58 verbose addRemoteTarball https://registry.npmjs.org/phonegap/-/phonegap-6.3.0.tgz not in flight; adding
59 verbose addRemoteTarball [ 'https://registry.npmjs.org/phonegap/-/phonegap-6.3.0.tgz',
59 verbose addRemoteTarball   'e0d3e2ce94264cc2c5ddbd9220724263c94e8741' ]
60 info retry fetch attempt 1 at 5:49:09 PM
61 info attempt registry request try #1 at 5:49:09 PM
62 http fetch GET https://registry.npmjs.org/phonegap/-/phonegap-6.3.0.tgz
63 http fetch 200 https://registry.npmjs.org/phonegap/-/phonegap-6.3.0.tgz
64 silly fetchAndShaCheck shasum e0d3e2ce94264cc2c5ddbd9220724263c94e8741
65 verbose addTmpTarball /tmp/npm-25483-ff809779/registry.npmjs.org/phonegap/-/phonegap-6.3.0.tgz not in flight; adding
66 verbose addTmpTarball already have metadata; skipping unpack for phonegap@6.3.0
67 verbose correctMkdir /home/deepank/.npm correctMkdir not in flight; initializing
68 silly cache afterAdd phonegap@6.3.0
69 verbose afterAdd /home/deepank/.npm/phonegap/6.3.0/package/package.json not in flight; writing
70 verbose correctMkdir /home/deepank/.npm correctMkdir not in flight; initializing
71 verbose afterAdd /home/deepank/.npm/phonegap/6.3.0/package/package.json written
72 silly fetchNamedPackageData colors
73 silly mapToRegistry name colors
74 silly mapToRegistry using default registry
75 silly mapToRegistry registry https://registry.npmjs.org/
76 silly mapToRegistry data Result {
76 silly mapToRegistry   raw: 'colors',
76 silly mapToRegistry   scope: null,
76 silly mapToRegistry   escapedName: 'colors',
76 silly mapToRegistry   name: 'colors',
76 silly mapToRegistry   rawSpec: '',
76 silly mapToRegistry   spec: 'latest',
76 silly mapToRegistry   type: 'tag' }
77 silly mapToRegistry uri https://registry.npmjs.org/colors
78 silly fetchNamedPackageData connect-phonegap
79 silly mapToRegistry name connect-phonegap
80 silly mapToRegistry using default registry
81 silly mapToRegistry registry https://registry.npmjs.org/
82 silly mapToRegistry data Result {
82 silly mapToRegistry   raw: 'connect-phonegap',
82 silly mapToRegistry   scope: null,
82 silly mapToRegistry   escapedName: 'connect-phonegap',
82 silly mapToRegistry   name: 'connect-phonegap',
82 silly mapToRegistry   rawSpec: '',
82 silly mapToRegistry   spec: 'latest',
82 silly mapToRegistry   type: 'tag' }
83 silly mapToRegistry uri https://registry.npmjs.org/connect-phonegap
84 silly fetchNamedPackageData cordova
85 silly mapToRegistry name cordova
86 silly mapToRegistry using default registry
87 silly mapToRegistry registry https://registry.npmjs.org/
88 silly mapToRegistry data Result {
88 silly mapToRegistry   raw: 'cordova',
88 silly mapToRegistry   scope: null,
88 silly mapToRegistry   escapedName: 'cordova',
88 silly mapToRegistry   name: 'cordova',
88 silly mapToRegistry   rawSpec: '',
88 silly mapToRegistry   spec: 'latest',
88 silly mapToRegistry   type: 'tag' }
89 silly mapToRegistry uri https://registry.npmjs.org/cordova
90 silly fetchNamedPackageData insight
91 silly mapToRegistry name insight
92 silly mapToRegistry using default registry
93 silly mapToRegistry registry https://registry.npmjs.org/
94 silly mapToRegistry data Result {
94 silly mapToRegistry   raw: 'insight',
94 silly mapToRegistry   scope: null,
94 silly mapToRegistry   escapedName: 'insight',
94 silly mapToRegistry   name: 'insight',
94 silly mapToRegistry   rawSpec: '',
94 silly mapToRegistry   spec: 'latest',
94 silly mapToRegistry   type: 'tag' }
95 silly mapToRegistry uri https://registry.npmjs.org/insight
96 silly fetchNamedPackageData minimist
97 silly mapToRegistry name minimist
98 silly mapToRegistry using default registry
99 silly mapToRegistry registry https://registry.npmjs.org/
100 silly mapToRegistry data Result {
100 silly mapToRegistry   raw: 'minimist',
100 silly mapToRegistry   scope: null,
100 silly mapToRegistry   escapedName: 'minimist',
100 silly mapToRegistry   name: 'minimist',
100 silly mapToRegistry   rawSpec: '',
100 silly mapToRegistry   spec: 'latest',
100 silly mapToRegistry   type: 'tag' }
101 silly mapToRegistry uri https://registry.npmjs.org/minimist
102 silly fetchNamedPackageData opener
103 silly mapToRegistry name opener
104 silly mapToRegistry using default registry
105 silly mapToRegistry registry https://registry.npmjs.org/
106 silly mapToRegistry data Result {
106 silly mapToRegistry   raw: 'opener',
106 silly mapToRegistry   scope: null,
106 silly mapToRegistry   escapedName: 'opener',
106 silly mapToRegistry   name: 'opener',
106 silly mapToRegistry   rawSpec: '',
106 silly mapToRegistry   spec: 'latest',
106 silly mapToRegistry   type: 'tag' }
107 silly mapToRegistry uri https://registry.npmjs.org/opener
108 silly fetchNamedPackageData phonegap-build
109 silly mapToRegistry name phonegap-build
110 silly mapToRegistry using default registry
111 silly mapToRegistry registry https://registry.npmjs.org/
112 silly mapToRegistry data Result {
112 silly mapToRegistry   raw: 'phonegap-build',
112 silly mapToRegistry   scope: null,
112 silly mapToRegistry   escapedName: 'phonegap-build',
112 silly mapToRegistry   name: 'phonegap-build',
112 silly mapToRegistry   rawSpec: '',
112 silly mapToRegistry   spec: 'latest',
112 silly mapToRegistry   type: 'tag' }
113 silly mapToRegistry uri https://registry.npmjs.org/phonegap-build
114 silly fetchNamedPackageData pluralize
115 silly mapToRegistry name pluralize
116 silly mapToRegistry using default registry
117 silly mapToRegistry registry https://registry.npmjs.org/
118 silly mapToRegistry data Result {
118 silly mapToRegistry   raw: 'pluralize',
118 silly mapToRegistry   scope: null,
118 silly mapToRegistry   escapedName: 'pluralize',
118 silly mapToRegistry   name: 'pluralize',
118 silly mapToRegistry   rawSpec: '',
118 silly mapToRegistry   spec: 'latest',
118 silly mapToRegistry   type: 'tag' }
119 silly mapToRegistry uri https://registry.npmjs.org/pluralize
120 silly fetchNamedPackageData prompt
121 silly mapToRegistry name prompt
122 silly mapToRegistry using default registry
123 silly mapToRegistry registry https://registry.npmjs.org/
124 silly mapToRegistry data Result {
124 silly mapToRegistry   raw: 'prompt',
124 silly mapToRegistry   scope: null,
124 silly mapToRegistry   escapedName: 'prompt',
124 silly mapToRegistry   name: 'prompt',
124 silly mapToRegistry   rawSpec: '',
124 silly mapToRegistry   spec: 'latest',
124 silly mapToRegistry   type: 'tag' }
125 silly mapToRegistry uri https://registry.npmjs.org/prompt
126 silly fetchNamedPackageData qrcode-terminal
127 silly mapToRegistry name qrcode-terminal
128 silly mapToRegistry using default registry
129 silly mapToRegistry registry https://registry.npmjs.org/
130 silly mapToRegistry data Result {
130 silly mapToRegistry   raw: 'qrcode-terminal',
130 silly mapToRegistry   scope: null,
130 silly mapToRegistry   escapedName: 'qrcode-terminal',
130 silly mapToRegistry   name: 'qrcode-terminal',
130 silly mapToRegistry   rawSpec: '',
130 silly mapToRegistry   spec: 'latest',
130 silly mapToRegistry   type: 'tag' }
131 silly mapToRegistry uri https://registry.npmjs.org/qrcode-terminal
132 silly fetchNamedPackageData semver
133 silly mapToRegistry name semver
134 silly mapToRegistry using default registry
135 silly mapToRegistry registry https://registry.npmjs.org/
136 silly mapToRegistry data Result {
136 silly mapToRegistry   raw: 'semver',
136 silly mapToRegistry   scope: null,
136 silly mapToRegistry   escapedName: 'semver',
136 silly mapToRegistry   name: 'semver',
136 silly mapToRegistry   rawSpec: '',
136 silly mapToRegistry   spec: 'latest',
136 silly mapToRegistry   type: 'tag' }
137 silly mapToRegistry uri https://registry.npmjs.org/semver
138 silly fetchNamedPackageData shelljs
139 silly mapToRegistry name shelljs
140 silly mapToRegistry using default registry
141 silly mapToRegistry registry https://registry.npmjs.org/
142 silly mapToRegistry data Result {
142 silly mapToRegistry   raw: 'shelljs',
142 silly mapToRegistry   scope: null,
142 silly mapToRegistry   escapedName: 'shelljs',
142 silly mapToRegistry   name: 'shelljs',
142 silly mapToRegistry   rawSpec: '',
142 silly mapToRegistry   spec: 'latest',
142 silly mapToRegistry   type: 'tag' }
143 silly mapToRegistry uri https://registry.npmjs.org/shelljs
144 silly fetchNamedPackageData update-notifier
145 silly mapToRegistry name update-notifier
146 silly mapToRegistry using default registry
147 silly mapToRegistry registry https://registry.npmjs.org/
148 silly mapToRegistry data Result {
148 silly mapToRegistry   raw: 'update-notifier',
148 silly mapToRegistry   scope: null,
148 silly mapToRegistry   escapedName: 'update-notifier',
148 silly mapToRegistry   name: 'update-notifier',
148 silly mapToRegistry   rawSpec: '',
148 silly mapToRegistry   spec: 'latest',
148 silly mapToRegistry   type: 'tag' }
149 silly mapToRegistry uri https://registry.npmjs.org/update-notifier
150 verbose request uri https://registry.npmjs.org/colors
151 verbose request no auth needed
152 info attempt registry request try #1 at 5:49:09 PM
153 http request GET https://registry.npmjs.org/colors
154 verbose request uri https://registry.npmjs.org/connect-phonegap
155 verbose request no auth needed
156 info attempt registry request try #1 at 5:49:09 PM
157 http request GET https://registry.npmjs.org/connect-phonegap
158 verbose request uri https://registry.npmjs.org/phonegap-build
159 verbose request no auth needed
160 info attempt registry request try #1 at 5:49:09 PM
161 http request GET https://registry.npmjs.org/phonegap-build
162 verbose request uri https://registry.npmjs.org/prompt
163 verbose request no auth needed
164 info attempt registry request try #1 at 5:49:09 PM
165 http request GET https://registry.npmjs.org/prompt
166 verbose request uri https://registry.npmjs.org/pluralize
167 verbose request no auth needed
168 info attempt registry request try #1 at 5:49:09 PM
169 http request GET https://registry.npmjs.org/pluralize
170 verbose request uri https://registry.npmjs.org/qrcode-terminal
171 verbose request no auth needed
172 info attempt registry request try #1 at 5:49:09 PM
173 http request GET https://registry.npmjs.org/qrcode-terminal
174 verbose request uri https://registry.npmjs.org/insight
175 verbose request no auth needed
176 info attempt registry request try #1 at 5:49:10 PM
177 verbose etag "3KCGJ31QDCDRMKT76V2Q78AS"
178 http request GET https://registry.npmjs.org/insight
179 verbose request uri https://registry.npmjs.org/opener
180 verbose request no auth needed
181 info attempt registry request try #1 at 5:49:10 PM
182 verbose etag "6FW6BM4TQZNQLN1G5X33BHYZG"
183 http request GET https://registry.npmjs.org/opener
184 verbose request uri https://registry.npmjs.org/semver
185 verbose request no auth needed
186 info attempt registry request try #1 at 5:49:10 PM
187 verbose etag "4PZV10ICG51AMMFL57ZF9WYJH"
188 http request GET https://registry.npmjs.org/semver
189 verbose request uri https://registry.npmjs.org/minimist
190 verbose request no auth needed
191 info attempt registry request try #1 at 5:49:10 PM
192 verbose etag "54JNHEPACVXFJSPF2JKGON0S3"
193 http request GET https://registry.npmjs.org/minimist
194 verbose request uri https://registry.npmjs.org/update-notifier
195 verbose request no auth needed
196 info attempt registry request try #1 at 5:49:10 PM
197 verbose etag "3LT3QBSN66RQJHPN145OAGQ4M"
198 http request GET https://registry.npmjs.org/update-notifier
199 verbose request uri https://registry.npmjs.org/cordova
200 verbose request no auth needed
201 info attempt registry request try #1 at 5:49:10 PM
202 verbose etag "AYT8ZADDAIU79IYT3SZDQ0WRD"
203 http request GET https://registry.npmjs.org/cordova
204 verbose request uri https://registry.npmjs.org/shelljs
205 verbose request no auth needed
206 info attempt registry request try #1 at 5:49:10 PM
207 verbose etag "BCQ2G4GCAPOPG2VWSEGDRD0VQ"
208 http request GET https://registry.npmjs.org/shelljs
209 http 200 https://registry.npmjs.org/colors
210 verbose headers { server: 'CouchDB/1.5.0 (Erlang OTP/R16B03)',
210 verbose headers   etag: '"E12JSKA8O2PD55SLTOY7MC4Y6"',
210 verbose headers   'content-type': 'application/json',
210 verbose headers   'content-encoding': 'gzip',
210 verbose headers   'cache-control': 'max-age=300',
210 verbose headers   'content-length': '6122',
210 verbose headers   'accept-ranges': 'bytes',
210 verbose headers   date: 'Wed, 07 Sep 2016 12:21:17 GMT',
210 verbose headers   via: '1.1 varnish',
210 verbose headers   age: '137',
210 verbose headers   connection: 'keep-alive',
210 verbose headers   'x-served-by': 'cache-sin6924-SIN',
210 verbose headers   'x-cache': 'HIT',
210 verbose headers   'x-cache-hits': '118',
210 verbose headers   'x-timer': 'S1473250877.187649,VS0,VE0',
210 verbose headers   vary: 'Accept-Encoding' }
211 silly get cb [ 200,
211 silly get   { server: 'CouchDB/1.5.0 (Erlang OTP/R16B03)',
211 silly get     etag: '"E12JSKA8O2PD55SLTOY7MC4Y6"',
211 silly get     'content-type': 'application/json',
211 silly get     'content-encoding': 'gzip',
211 silly get     'cache-control': 'max-age=300',
211 silly get     'content-length': '6122',
211 silly get     'accept-ranges': 'bytes',
211 silly get     date: 'Wed, 07 Sep 2016 12:21:17 GMT',
211 silly get     via: '1.1 varnish',
211 silly get     age: '137',
211 silly get     connection: 'keep-alive',
211 silly get     'x-served-by': 'cache-sin6924-SIN',
211 silly get     'x-cache': 'HIT',
211 silly get     'x-cache-hits': '118',
211 silly get     'x-timer': 'S1473250877.187649,VS0,VE0',
211 silly get     vary: 'Accept-Encoding' } ]
212 verbose get saving colors to /home/deepank/.npm/registry.npmjs.org/colors/.cache.json
213 verbose correctMkdir /home/deepank/.npm correctMkdir not in flight; initializing
214 silly resolveWithNewModule colors@0.6.0-1 checking installable status
215 silly cache add args [ 'colors@0.6.0-1', null ]
216 verbose cache add spec colors@0.6.0-1
217 silly cache add parsed spec Result {
217 silly cache add   raw: 'colors@0.6.0-1',
217 silly cache add   scope: null,
217 silly cache add   escapedName: 'colors',
217 silly cache add   name: 'colors',
217 silly cache add   rawSpec: '0.6.0-1',
217 silly cache add   spec: '0.6.0-1',
217 silly cache add   type: 'version' }
218 silly addNamed colors@0.6.0-1
219 verbose addNamed "0.6.0-1" is a plain semver version for colors
220 silly mapToRegistry name colors
221 silly mapToRegistry using default registry
222 silly mapToRegistry registry https://registry.npmjs.org/
223 silly mapToRegistry data Result {
223 silly mapToRegistry   raw: 'colors',
223 silly mapToRegistry   scope: null,
223 silly mapToRegistry   escapedName: 'colors',
223 silly mapToRegistry   name: 'colors',
223 silly mapToRegistry   rawSpec: '',
223 silly mapToRegistry   spec: 'latest',
223 silly mapToRegistry   type: 'tag' }
224 silly mapToRegistry uri https://registry.npmjs.org/colors
225 verbose addNameVersion registry:https://registry.npmjs.org/colors not in flight; fetching
226 verbose get https://registry.npmjs.org/colors not expired, no request
227 silly mapToRegistry name colors
228 silly mapToRegistry using default registry
229 silly mapToRegistry registry https://registry.npmjs.org/
230 silly mapToRegistry data Result {
230 silly mapToRegistry   raw: 'colors',
230 silly mapToRegistry   scope: null,
230 silly mapToRegistry   escapedName: 'colors',
230 silly mapToRegistry   name: 'colors',
230 silly mapToRegistry   rawSpec: '',
230 silly mapToRegistry   spec: 'latest',
230 silly mapToRegistry   type: 'tag' }
231 silly mapToRegistry uri https://registry.npmjs.org/colors
232 verbose addRemoteTarball https://registry.npmjs.org/colors/-/colors-0.6.0-1.tgz not in flight; adding
233 verbose addRemoteTarball [ 'https://registry.npmjs.org/colors/-/colors-0.6.0-1.tgz',
233 verbose addRemoteTarball   '6dbb68ceb8bc60f2b313dcc5ce1599f06d19e67a' ]
234 info retry fetch attempt 1 at 5:49:10 PM
235 info attempt registry request try #1 at 5:49:10 PM
236 http fetch GET https://registry.npmjs.org/colors/-/colors-0.6.0-1.tgz
237 http 200 https://registry.npmjs.org/shelljs
238 verbose headers { server: 'CouchDB/1.5.0 (Erlang OTP/R16B03)',
238 verbose headers   etag: '"3G6QVSC6H6GZFOE18HWNHBKRW"',
238 verbose headers   'content-type': 'application/json',
238 verbose headers   'content-encoding': 'gzip',
238 verbose headers   'cache-control': 'max-age=300',
238 verbose headers   'content-length': '16425',
238 verbose headers   'accept-ranges': 'bytes',
238 verbose headers   date: 'Wed, 07 Sep 2016 12:21:17 GMT',
238 verbose headers   via: '1.1 varnish',
238 verbose headers   age: '213',
238 verbose headers   connection: 'keep-alive',
238 verbose headers   'x-served-by': 'cache-sin6924-SIN',
238 verbose headers   'x-cache': 'HIT',
238 verbose headers   'x-cache-hits': '12',
238 verbose headers   'x-timer': 'S1473250877.383293,VS0,VE0',
238 verbose headers   vary: 'Accept-Encoding' }
239 silly get cb [ 200,
239 silly get   { server: 'CouchDB/1.5.0 (Erlang OTP/R16B03)',
239 silly get     etag: '"3G6QVSC6H6GZFOE18HWNHBKRW"',
239 silly get     'content-type': 'application/json',
239 silly get     'content-encoding': 'gzip',
239 silly get     'cache-control': 'max-age=300',
239 silly get     'content-length': '16425',
239 silly get     'accept-ranges': 'bytes',
239 silly get     date: 'Wed, 07 Sep 2016 12:21:17 GMT',
239 silly get     via: '1.1 varnish',
239 silly get     age: '213',
239 silly get     connection: 'keep-alive',
239 silly get     'x-served-by': 'cache-sin6924-SIN',
239 silly get     'x-cache': 'HIT',
239 silly get     'x-cache-hits': '12',
239 silly get     'x-timer': 'S1473250877.383293,VS0,VE0',
239 silly get     vary: 'Accept-Encoding' } ]
240 verbose get saving shelljs to /home/deepank/.npm/registry.npmjs.org/shelljs/.cache.json
241 verbose correctMkdir /home/deepank/.npm correctMkdir not in flight; initializing
242 silly resolveWithNewModule shelljs@0.1.4 checking installable status
243 silly cache add args [ 'shelljs@0.1.4', null ]
244 verbose cache add spec shelljs@0.1.4
245 silly cache add parsed spec Result {
245 silly cache add   raw: 'shelljs@0.1.4',
245 silly cache add   scope: null,
245 silly cache add   escapedName: 'shelljs',
245 silly cache add   name: 'shelljs',
245 silly cache add   rawSpec: '0.1.4',
245 silly cache add   spec: '0.1.4',
245 silly cache add   type: 'version' }
246 silly addNamed shelljs@0.1.4
247 verbose addNamed "0.1.4" is a plain semver version for shelljs
248 silly mapToRegistry name shelljs
249 silly mapToRegistry using default registry
250 silly mapToRegistry registry https://registry.npmjs.org/
251 silly mapToRegistry data Result {
251 silly mapToRegistry   raw: 'shelljs',
251 silly mapToRegistry   scope: null,
251 silly mapToRegistry   escapedName: 'shelljs',
251 silly mapToRegistry   name: 'shelljs',
251 silly mapToRegistry   rawSpec: '',
251 silly mapToRegistry   spec: 'latest',
251 silly mapToRegistry   type: 'tag' }
252 silly mapToRegistry uri https://registry.npmjs.org/shelljs
253 verbose addNameVersion registry:https://registry.npmjs.org/shelljs not in flight; fetching
254 verbose get https://registry.npmjs.org/shelljs not expired, no request
255 silly mapToRegistry name shelljs
256 silly mapToRegistry using default registry
257 silly mapToRegistry registry https://registry.npmjs.org/
258 silly mapToRegistry data Result {
258 silly mapToRegistry   raw: 'shelljs',
258 silly mapToRegistry   scope: null,
258 silly mapToRegistry   escapedName: 'shelljs',
258 silly mapToRegistry   name: 'shelljs',
258 silly mapToRegistry   rawSpec: '',
258 silly mapToRegistry   spec: 'latest',
258 silly mapToRegistry   type: 'tag' }
259 silly mapToRegistry uri https://registry.npmjs.org/shelljs
260 verbose addRemoteTarball https://registry.npmjs.org/shelljs/-/shelljs-0.1.4.tgz not in flight; adding
261 verbose addRemoteTarball [ 'https://registry.npmjs.org/shelljs/-/shelljs-0.1.4.tgz',
261 verbose addRemoteTarball   'dfbbe78d56c3c0168d2fb79e10ecd1dbcb07ec0e' ]
262 info retry fetch attempt 1 at 5:49:10 PM
263 info attempt registry request try #1 at 5:49:10 PM
264 http fetch GET https://registry.npmjs.org/shelljs/-/shelljs-0.1.4.tgz
265 http fetch 200 https://registry.npmjs.org/shelljs/-/shelljs-0.1.4.tgz
266 silly fetchAndShaCheck shasum dfbbe78d56c3c0168d2fb79e10ecd1dbcb07ec0e
267 verbose addTmpTarball /tmp/npm-25483-ff809779/registry.npmjs.org/shelljs/-/shelljs-0.1.4.tgz not in flight; adding
268 verbose addTmpTarball already have metadata; skipping unpack for shelljs@0.1.4
269 verbose correctMkdir /home/deepank/.npm correctMkdir not in flight; initializing
270 silly cache afterAdd shelljs@0.1.4
271 verbose afterAdd /home/deepank/.npm/shelljs/0.1.4/package/package.json not in flight; writing
272 verbose correctMkdir /home/deepank/.npm correctMkdir not in flight; initializing
273 verbose afterAdd /home/deepank/.npm/shelljs/0.1.4/package/package.json written
274 http 304 https://registry.npmjs.org/opener
275 verbose headers { date: 'Wed, 07 Sep 2016 12:21:17 GMT',
275 verbose headers   via: '1.1 varnish',
275 verbose headers   'cache-control': 'max-age=300',
275 verbose headers   etag: '"6FW6BM4TQZNQLN1G5X33BHYZG"',
275 verbose headers   age: '251',
275 verbose headers   connection: 'keep-alive',
275 verbose headers   'x-served-by': 'cache-sin6927-SIN',
275 verbose headers   'x-cache': 'HIT',
275 verbose headers   'x-cache-hits': '5',
275 verbose headers   'x-timer': 'S1473250877.886498,VS0,VE0',
275 verbose headers   vary: 'Accept-Encoding' }
276 silly get cb [ 304,
276 silly get   { date: 'Wed, 07 Sep 2016 12:21:17 GMT',
276 silly get     via: '1.1 varnish',
276 silly get     'cache-control': 'max-age=300',
276 silly get     etag: '"6FW6BM4TQZNQLN1G5X33BHYZG"',
276 silly get     age: '251',
276 silly get     connection: 'keep-alive',
276 silly get     'x-served-by': 'cache-sin6927-SIN',
276 silly get     'x-cache': 'HIT',
276 silly get     'x-cache-hits': '5',
276 silly get     'x-timer': 'S1473250877.886498,VS0,VE0',
276 silly get     vary: 'Accept-Encoding' } ]
277 verbose etag https://registry.npmjs.org/opener from cache
278 verbose get saving opener to /home/deepank/.npm/registry.npmjs.org/opener/.cache.json
279 verbose correctMkdir /home/deepank/.npm correctMkdir not in flight; initializing
280 http 304 https://registry.npmjs.org/semver
281 verbose headers { date: 'Wed, 07 Sep 2016 12:21:17 GMT',
281 verbose headers   via: '1.1 varnish',
281 verbose headers   'cache-control': 'max-age=300',
281 verbose headers   etag: '"4PZV10ICG51AMMFL57ZF9WYJH"',
281 verbose headers   age: '206',
281 verbose headers   connection: 'keep-alive',
281 verbose headers   'x-served-by': 'cache-sin6920-SIN',
281 verbose headers   'x-cache': 'HIT',
281 verbose headers   'x-cache-hits': '44',
281 verbose headers   'x-timer': 'S1473250877.893294,VS0,VE0',
281 verbose headers   vary: 'Accept-Encoding' }
282 silly get cb [ 304,
282 silly get   { date: 'Wed, 07 Sep 2016 12:21:17 GMT',
282 silly get     via: '1.1 varnish',
282 silly get     'cache-control': 'max-age=300',
282 silly get     etag: '"4PZV10ICG51AMMFL57ZF9WYJH"',
282 silly get     age: '206',
282 silly get     connection: 'keep-alive',
282 silly get     'x-served-by': 'cache-sin6920-SIN',
282 silly get     'x-cache': 'HIT',
282 silly get     'x-cache-hits': '44',
282 silly get     'x-timer': 'S1473250877.893294,VS0,VE0',
282 silly get     vary: 'Accept-Encoding' } ]
283 verbose etag https://registry.npmjs.org/semver from cache
284 verbose get saving semver to /home/deepank/.npm/registry.npmjs.org/semver/.cache.json
285 verbose correctMkdir /home/deepank/.npm correctMkdir not in flight; initializing
286 silly resolveWithNewModule opener@1.4.1 checking installable status
287 silly cache add args [ 'opener@1.4.1', null ]
288 verbose cache add spec opener@1.4.1
289 silly cache add parsed spec Result {
289 silly cache add   raw: 'opener@1.4.1',
289 silly cache add   scope: null,
289 silly cache add   escapedName: 'opener',
289 silly cache add   name: 'opener',
289 silly cache add   rawSpec: '1.4.1',
289 silly cache add   spec: '1.4.1',
289 silly cache add   type: 'version' }
290 silly addNamed opener@1.4.1
291 verbose addNamed "1.4.1" is a plain semver version for opener
292 silly mapToRegistry name opener
293 silly mapToRegistry using default registry
294 silly mapToRegistry registry https://registry.npmjs.org/
295 silly mapToRegistry data Result {
295 silly mapToRegistry   raw: 'opener',
295 silly mapToRegistry   scope: null,
295 silly mapToRegistry   escapedName: 'opener',
295 silly mapToRegistry   name: 'opener',
295 silly mapToRegistry   rawSpec: '',
295 silly mapToRegistry   spec: 'latest',
295 silly mapToRegistry   type: 'tag' }
296 silly mapToRegistry uri https://registry.npmjs.org/opener
297 verbose addNameVersion registry:https://registry.npmjs.org/opener not in flight; fetching
298 silly resolveWithNewModule semver@1.1.0 checking installable status
299 silly cache add args [ 'semver@1.1.0', null ]
300 verbose cache add spec semver@1.1.0
301 silly cache add parsed spec Result {
301 silly cache add   raw: 'semver@1.1.0',
301 silly cache add   scope: null,
301 silly cache add   escapedName: 'semver',
301 silly cache add   name: 'semver',
301 silly cache add   rawSpec: '1.1.0',
301 silly cache add   spec: '1.1.0',
301 silly cache add   type: 'version' }
302 silly addNamed semver@1.1.0
303 verbose addNamed "1.1.0" is a plain semver version for semver
304 silly mapToRegistry name semver
305 silly mapToRegistry using default registry
306 silly mapToRegistry registry https://registry.npmjs.org/
307 silly mapToRegistry data Result {
307 silly mapToRegistry   raw: 'semver',
307 silly mapToRegistry   scope: null,
307 silly mapToRegistry   escapedName: 'semver',
307 silly mapToRegistry   name: 'semver',
307 silly mapToRegistry   rawSpec: '',
307 silly mapToRegistry   spec: 'latest',
307 silly mapToRegistry   type: 'tag' }
308 silly mapToRegistry uri https://registry.npmjs.org/semver
309 verbose addNameVersion registry:https://registry.npmjs.org/semver not in flight; fetching
310 verbose get https://registry.npmjs.org/opener not expired, no request
311 verbose get https://registry.npmjs.org/semver not expired, no request
312 silly mapToRegistry name semver
313 silly mapToRegistry using default registry
314 silly mapToRegistry registry https://registry.npmjs.org/
315 silly mapToRegistry data Result {
315 silly mapToRegistry   raw: 'semver',
315 silly mapToRegistry   scope: null,
315 silly mapToRegistry   escapedName: 'semver',
315 silly mapToRegistry   name: 'semver',
315 silly mapToRegistry   rawSpec: '',
315 silly mapToRegistry   spec: 'latest',
315 silly mapToRegistry   type: 'tag' }
316 silly mapToRegistry uri https://registry.npmjs.org/semver
317 verbose addRemoteTarball https://registry.npmjs.org/semver/-/semver-1.1.0.tgz not in flight; adding
318 verbose addRemoteTarball [ 'https://registry.npmjs.org/semver/-/semver-1.1.0.tgz',
318 verbose addRemoteTarball   'da9b9c837e31550a7c928622bc2381de7dd7a53e' ]
319 http 304 https://registry.npmjs.org/insight
320 verbose headers { date: 'Wed, 07 Sep 2016 12:21:17 GMT',
320 verbose headers   via: '1.1 varnish',
320 verbose headers   'cache-control': 'max-age=300',
320 verbose headers   etag: '"3KCGJ31QDCDRMKT76V2Q78AS"',
320 verbose headers   age: '70',
320 verbose headers   connection: 'keep-alive',
320 verbose headers   'x-served-by': 'cache-sin6927-SIN',
320 verbose headers   'x-cache': 'HIT',
320 verbose headers   'x-cache-hits': '4',
320 verbose headers   'x-timer': 'S1473250877.935114,VS0,VE0',
320 verbose headers   vary: 'Accept-Encoding' }
321 silly get cb [ 304,
321 silly get   { date: 'Wed, 07 Sep 2016 12:21:17 GMT',
321 silly get     via: '1.1 varnish',
321 silly get     'cache-control': 'max-age=300',
321 silly get     etag: '"3KCGJ31QDCDRMKT76V2Q78AS"',
321 silly get     age: '70',
321 silly get     connection: 'keep-alive',
321 silly get     'x-served-by': 'cache-sin6927-SIN',
321 silly get     'x-cache': 'HIT',
321 silly get     'x-cache-hits': '4',
321 silly get     'x-timer': 'S1473250877.935114,VS0,VE0',
321 silly get     vary: 'Accept-Encoding' } ]
322 verbose etag https://registry.npmjs.org/insight from cache
323 verbose get saving insight to /home/deepank/.npm/registry.npmjs.org/insight/.cache.json
324 verbose correctMkdir /home/deepank/.npm correctMkdir not in flight; initializing
325 http 304 https://registry.npmjs.org/update-notifier
326 verbose headers { date: 'Wed, 07 Sep 2016 12:21:17 GMT',
326 verbose headers   via: '1.1 varnish',
326 verbose headers   'cache-control': 'max-age=300',
326 verbose headers   etag: '"3LT3QBSN66RQJHPN145OAGQ4M"',
326 verbose headers   age: '219',
326 verbose headers   connection: 'keep-alive',
326 verbose headers   'x-served-by': 'cache-sin6924-SIN',
326 verbose headers   'x-cache': 'HIT',
326 verbose headers   'x-cache-hits': '9',
326 verbose headers   'x-timer': 'S1473250877.933879,VS0,VE0',
326 verbose headers   vary: 'Accept-Encoding' }
327 silly get cb [ 304,
327 silly get   { date: 'Wed, 07 Sep 2016 12:21:17 GMT',
327 silly get     via: '1.1 varnish',
327 silly get     'cache-control': 'max-age=300',
327 silly get     etag: '"3LT3QBSN66RQJHPN145OAGQ4M"',
327 silly get     age: '219',
327 silly get     connection: 'keep-alive',
327 silly get     'x-served-by': 'cache-sin6924-SIN',
327 silly get     'x-cache': 'HIT',
327 silly get     'x-cache-hits': '9',
327 silly get     'x-timer': 'S1473250877.933879,VS0,VE0',
327 silly get     vary: 'Accept-Encoding' } ]
328 verbose etag https://registry.npmjs.org/update-notifier from cache
329 verbose get saving update-notifier to /home/deepank/.npm/registry.npmjs.org/update-notifier/.cache.json
330 verbose correctMkdir /home/deepank/.npm correctMkdir not in flight; initializing
331 info retry fetch attempt 1 at 5:49:10 PM
332 info attempt registry request try #1 at 5:49:10 PM
333 http fetch GET https://registry.npmjs.org/semver/-/semver-1.1.0.tgz
334 silly resolveWithNewModule insight@0.8.2 checking installable status
335 silly cache add args [ 'insight@0.8.2', null ]
336 verbose cache add spec insight@0.8.2
337 silly cache add parsed spec Result {
337 silly cache add   raw: 'insight@0.8.2',
337 silly cache add   scope: null,
337 silly cache add   escapedName: 'insight',
337 silly cache add   name: 'insight',
337 silly cache add   rawSpec: '0.8.2',
337 silly cache add   spec: '0.8.2',
337 silly cache add   type: 'version' }
338 silly addNamed insight@0.8.2
339 verbose addNamed "0.8.2" is a plain semver version for insight
340 silly mapToRegistry name insight
341 silly mapToRegistry using default registry
342 silly mapToRegistry registry https://registry.npmjs.org/
343 silly mapToRegistry data Result {
343 silly mapToRegistry   raw: 'insight',
343 silly mapToRegistry   scope: null,
343 silly mapToRegistry   escapedName: 'insight',
343 silly mapToRegistry   name: 'insight',
343 silly mapToRegistry   rawSpec: '',
343 silly mapToRegistry   spec: 'latest',
343 silly mapToRegistry   type: 'tag' }
344 silly mapToRegistry uri https://registry.npmjs.org/insight
345 verbose addNameVersion registry:https://registry.npmjs.org/insight not in flight; fetching
346 http 200 https://registry.npmjs.org/prompt
347 verbose headers { server: 'CouchDB/1.5.0 (Erlang OTP/R16B03)',
347 verbose headers   etag: '"54EBHA85XTBCJCBINT6Q406P2"',
347 verbose headers   'content-type': 'application/json',
347 verbose headers   'content-encoding': 'gzip',
347 verbose headers   'cache-control': 'max-age=300',
347 verbose headers   'content-length': '10272',
347 verbose headers   'accept-ranges': 'bytes',
347 verbose headers   date: 'Wed, 07 Sep 2016 12:21:17 GMT',
347 verbose headers   via: '1.1 varnish',
347 verbose headers   age: '107',
347 verbose headers   connection: 'keep-alive',
347 verbose headers   'x-served-by': 'cache-sin6924-SIN',
347 verbose headers   'x-cache': 'HIT',
347 verbose headers   'x-cache-hits': '13',
347 verbose headers   'x-timer': 'S1473250877.837160,VS0,VE0',
347 verbose headers   vary: 'Accept-Encoding' }
348 silly get cb [ 200,
348 silly get   { server: 'CouchDB/1.5.0 (Erlang OTP/R16B03)',
348 silly get     etag: '"54EBHA85XTBCJCBINT6Q406P2"',
348 silly get     'content-type': 'application/json',
348 silly get     'content-encoding': 'gzip',
348 silly get     'cache-control': 'max-age=300',
348 silly get     'content-length': '10272',
348 silly get     'accept-ranges': 'bytes',
348 silly get     date: 'Wed, 07 Sep 2016 12:21:17 GMT',
348 silly get     via: '1.1 varnish',
348 silly get     age: '107',
348 silly get     connection: 'keep-alive',
348 silly get     'x-served-by': 'cache-sin6924-SIN',
348 silly get     'x-cache': 'HIT',
348 silly get     'x-cache-hits': '13',
348 silly get     'x-timer': 'S1473250877.837160,VS0,VE0',
348 silly get     vary: 'Accept-Encoding' } ]
349 verbose get saving prompt to /home/deepank/.npm/registry.npmjs.org/prompt/.cache.json
350 verbose correctMkdir /home/deepank/.npm correctMkdir not in flight; initializing
351 http 304 https://registry.npmjs.org/minimist
352 verbose headers { date: 'Wed, 07 Sep 2016 12:21:17 GMT',
352 verbose headers   via: '1.1 varnish',
352 verbose headers   'cache-control': 'max-age=300',
352 verbose headers   etag: '"54JNHEPACVXFJSPF2JKGON0S3"',
352 verbose headers   age: '284',
352 verbose headers   connection: 'keep-alive',
352 verbose headers   'x-served-by': 'cache-sin6924-SIN',
352 verbose headers   'x-cache': 'HIT',
352 verbose headers   'x-cache-hits': '76',
352 verbose headers   'x-timer': 'S1473250877.955647,VS0,VE0',
352 verbose headers   vary: 'Accept-Encoding' }
353 silly get cb [ 304,
353 silly get   { date: 'Wed, 07 Sep 2016 12:21:17 GMT',
353 silly get     via: '1.1 varnish',
353 silly get     'cache-control': 'max-age=300',
353 silly get     etag: '"54JNHEPACVXFJSPF2JKGON0S3"',
353 silly get     age: '284',
353 silly get     connection: 'keep-alive',
353 silly get     'x-served-by': 'cache-sin6924-SIN',
353 silly get     'x-cache': 'HIT',
353 silly get     'x-cache-hits': '76',
353 silly get     'x-timer': 'S1473250877.955647,VS0,VE0',
353 silly get     vary: 'Accept-Encoding' } ]
354 verbose etag https://registry.npmjs.org/minimist from cache
355 verbose get saving minimist to /home/deepank/.npm/registry.npmjs.org/minimist/.cache.json
356 verbose correctMkdir /home/deepank/.npm correctMkdir not in flight; initializing
357 silly cache afterAdd opener@1.4.1
358 verbose afterAdd /home/deepank/.npm/opener/1.4.1/package/package.json not in flight; writing
359 verbose correctMkdir /home/deepank/.npm correctMkdir not in flight; initializing
360 http fetch 200 https://registry.npmjs.org/colors/-/colors-0.6.0-1.tgz
361 silly resolveWithNewModule update-notifier@0.6.3 checking installable status
362 silly cache add args [ 'update-notifier@^0.6.0', null ]
363 verbose cache add spec update-notifier@^0.6.0
364 silly cache add parsed spec Result {
364 silly cache add   raw: 'update-notifier@^0.6.0',
364 silly cache add   scope: null,
364 silly cache add   escapedName: 'update-notifier',
364 silly cache add   name: 'update-notifier',
364 silly cache add   rawSpec: '^0.6.0',
364 silly cache add   spec: '>=0.6.0 <0.7.0',
364 silly cache add   type: 'range' }
365 silly addNamed update-notifier@>=0.6.0 <0.7.0
366 verbose addNamed ">=0.6.0 <0.7.0" is a valid semver range for update-notifier
367 silly addNameRange { name: 'update-notifier',
367 silly addNameRange   range: '>=0.6.0 <0.7.0',
367 silly addNameRange   hasData: false }
368 silly mapToRegistry name update-notifier
369 silly mapToRegistry using default registry
370 silly mapToRegistry registry https://registry.npmjs.org/
371 silly mapToRegistry data Result {
371 silly mapToRegistry   raw: 'update-notifier',
371 silly mapToRegistry   scope: null,
371 silly mapToRegistry   escapedName: 'update-notifier',
371 silly mapToRegistry   name: 'update-notifier',
371 silly mapToRegistry   rawSpec: '',
371 silly mapToRegistry   spec: 'latest',
371 silly mapToRegistry   type: 'tag' }
372 silly mapToRegistry uri https://registry.npmjs.org/update-notifier
373 verbose addNameRange registry:https://registry.npmjs.org/update-notifier not in flight; fetching
374 verbose get https://registry.npmjs.org/insight not expired, no request
375 verbose afterAdd /home/deepank/.npm/opener/1.4.1/package/package.json written
376 verbose get https://registry.npmjs.org/update-notifier not expired, no request
377 silly addNameRange number 2 { name: 'update-notifier',
377 silly addNameRange   range: '>=0.6.0 <0.7.0',
377 silly addNameRange   hasData: true }
378 silly addNameRange versions [ 'update-notifier',
378 silly addNameRange   [ '0.1.0',
378 silly addNameRange     '0.1.1',
378 silly addNameRange     '0.1.2',
378 silly addNameRange     '0.1.3',
378 silly addNameRange     '0.1.4',
378 silly addNameRange     '0.1.5',
378 silly addNameRange     '0.1.6',
378 silly addNameRange     '0.1.7',
378 silly addNameRange     '0.1.8',
378 silly addNameRange     '0.1.9',
378 silly addNameRange     '0.1.10',
378 silly addNameRange     '0.2.0',
378 silly addNameRange     '0.2.1',
378 silly addNameRange     '0.2.2',
378 silly addNameRange     '0.3.0',
378 silly addNameRange     '0.3.1',
378 silly addNameRange     '0.3.2',
378 silly addNameRange     '0.4.0',
378 silly addNameRange     '0.5.0',
378 silly addNameRange     '0.6.0',
378 silly addNameRange     '0.6.1',
378 silly addNameRange     '0.6.2',
378 silly addNameRange     '0.6.3',
378 silly addNameRange     '0.7.0',
378 silly addNameRange     '1.0.0',
378 silly addNameRange     '1.0.1',
378 silly addNameRange     '1.0.2' ] ]
379 silly addNamed update-notifier@0.6.3
380 verbose addNamed "0.6.3" is a plain semver version for update-notifier
381 silly fetchAndShaCheck shasum 6dbb68ceb8bc60f2b313dcc5ce1599f06d19e67a
382 silly resolveWithNewModule minimist@0.1.0 checking installable status
383 silly cache add args [ 'minimist@0.1.0', null ]
384 verbose cache add spec minimist@0.1.0
385 silly cache add parsed spec Result {
385 silly cache add   raw: 'minimist@0.1.0',
385 silly cache add   scope: null,
385 silly cache add   escapedName: 'minimist',
385 silly cache add   name: 'minimist',
385 silly cache add   rawSpec: '0.1.0',
385 silly cache add   spec: '0.1.0',
385 silly cache add   type: 'version' }
386 silly addNamed minimist@0.1.0
387 verbose addNamed "0.1.0" is a plain semver version for minimist
388 silly mapToRegistry name minimist
389 silly mapToRegistry using default registry
390 silly mapToRegistry registry https://registry.npmjs.org/
391 silly mapToRegistry data Result {
391 silly mapToRegistry   raw: 'minimist',
391 silly mapToRegistry   scope: null,
391 silly mapToRegistry   escapedName: 'minimist',
391 silly mapToRegistry   name: 'minimist',
391 silly mapToRegistry   rawSpec: '',
391 silly mapToRegistry   spec: 'latest',
391 silly mapToRegistry   type: 'tag' }
392 silly mapToRegistry uri https://registry.npmjs.org/minimist
393 verbose addNameVersion registry:https://registry.npmjs.org/minimist not in flight; fetching
394 silly mapToRegistry name insight
395 silly mapToRegistry using default registry
396 silly mapToRegistry registry https://registry.npmjs.org/
397 silly mapToRegistry data Result {
397 silly mapToRegistry   raw: 'insight',
397 silly mapToRegistry   scope: null,
397 silly mapToRegistry   escapedName: 'insight',
397 silly mapToRegistry   name: 'insight',
397 silly mapToRegistry   rawSpec: '',
397 silly mapToRegistry   spec: 'latest',
397 silly mapToRegistry   type: 'tag' }
398 silly mapToRegistry uri https://registry.npmjs.org/insight
399 verbose addRemoteTarball https://registry.npmjs.org/insight/-/insight-0.8.2.tgz not in flight; adding
400 verbose addRemoteTarball [ 'https://registry.npmjs.org/insight/-/insight-0.8.2.tgz',
400 verbose addRemoteTarball   '18c2acf1b6055491278fc7529f1f21d32e1f0eda' ]
401 silly mapToRegistry name update-notifier
402 silly mapToRegistry using default registry
403 silly mapToRegistry registry https://registry.npmjs.org/
404 silly mapToRegistry data Result {
404 silly mapToRegistry   raw: 'update-notifier',
404 silly mapToRegistry   scope: null,
404 silly mapToRegistry   escapedName: 'update-notifier',
404 silly mapToRegistry   name: 'update-notifier',
404 silly mapToRegistry   rawSpec: '',
404 silly mapToRegistry   spec: 'latest',
404 silly mapToRegistry   type: 'tag' }
405 silly mapToRegistry uri https://registry.npmjs.org/update-notifier
406 verbose addRemoteTarball https://registry.npmjs.org/update-notifier/-/update-notifier-0.6.3.tgz not in flight; adding
407 verbose addRemoteTarball [ 'https://registry.npmjs.org/update-notifier/-/update-notifier-0.6.3.tgz',
407 verbose addRemoteTarball   '776dec8daa13e962a341e8a1d98354306b67ae08' ]
408 verbose addTmpTarball /tmp/npm-25483-ff809779/registry.npmjs.org/colors/-/colors-0.6.0-1.tgz not in flight; adding
409 verbose addTmpTarball already have metadata; skipping unpack for colors@0.6.0-1
410 verbose correctMkdir /home/deepank/.npm correctMkdir not in flight; initializing
411 silly resolveWithNewModule prompt@0.2.11 checking installable status
412 silly cache add args [ 'prompt@0.2.11', null ]
413 verbose cache add spec prompt@0.2.11
414 silly cache add parsed spec Result {
414 silly cache add   raw: 'prompt@0.2.11',
414 silly cache add   scope: null,
414 silly cache add   escapedName: 'prompt',
414 silly cache add   name: 'prompt',
414 silly cache add   rawSpec: '0.2.11',
414 silly cache add   spec: '0.2.11',
414 silly cache add   type: 'version' }
415 silly addNamed prompt@0.2.11
416 verbose addNamed "0.2.11" is a plain semver version for prompt
417 silly mapToRegistry name prompt
418 silly mapToRegistry using default registry
419 silly mapToRegistry registry https://registry.npmjs.org/
420 silly mapToRegistry data Result {
420 silly mapToRegistry   raw: 'prompt',
420 silly mapToRegistry   scope: null,
420 silly mapToRegistry   escapedName: 'prompt',
420 silly mapToRegistry   name: 'prompt',
420 silly mapToRegistry   rawSpec: '',
420 silly mapToRegistry   spec: 'latest',
420 silly mapToRegistry   type: 'tag' }
421 silly mapToRegistry uri https://registry.npmjs.org/prompt
422 verbose addNameVersion registry:https://registry.npmjs.org/prompt not in flight; fetching
423 info retry fetch attempt 1 at 5:49:10 PM
424 info attempt registry request try #1 at 5:49:10 PM
425 http fetch GET https://registry.npmjs.org/insight/-/insight-0.8.2.tgz
426 info retry fetch attempt 1 at 5:49:10 PM
427 info attempt registry request try #1 at 5:49:10 PM
428 http fetch GET https://registry.npmjs.org/update-notifier/-/update-notifier-0.6.3.tgz
429 verbose get https://registry.npmjs.org/minimist not expired, no request
430 verbose get https://registry.npmjs.org/prompt not expired, no request
431 silly mapToRegistry name prompt
432 silly mapToRegistry using default registry
433 silly mapToRegistry registry https://registry.npmjs.org/
434 silly mapToRegistry data Result {
434 silly mapToRegistry   raw: 'prompt',
434 silly mapToRegistry   scope: null,
434 silly mapToRegistry   escapedName: 'prompt',
434 silly mapToRegistry   name: 'prompt',
434 silly mapToRegistry   rawSpec: '',
434 silly mapToRegistry   spec: 'latest',
434 silly mapToRegistry   type: 'tag' }
435 silly mapToRegistry uri https://registry.npmjs.org/prompt
436 verbose addRemoteTarball https://registry.npmjs.org/prompt/-/prompt-0.2.11.tgz not in flight; adding
437 verbose addRemoteTarball [ 'https://registry.npmjs.org/prompt/-/prompt-0.2.11.tgz',
437 verbose addRemoteTarball   '26d455af4b7fac15291dfcdddf2400328c1fa446' ]
438 info retry fetch attempt 1 at 5:49:10 PM
439 info attempt registry request try #1 at 5:49:10 PM
440 http fetch GET https://registry.npmjs.org/prompt/-/prompt-0.2.11.tgz
441 silly cache afterAdd colors@0.6.0-1
442 verbose afterAdd /home/deepank/.npm/colors/0.6.0-1/package/package.json not in flight; writing
443 verbose correctMkdir /home/deepank/.npm correctMkdir not in flight; initializing
444 verbose afterAdd /home/deepank/.npm/colors/0.6.0-1/package/package.json written
445 silly mapToRegistry name minimist
446 silly mapToRegistry using default registry
447 silly mapToRegistry registry https://registry.npmjs.org/
448 silly mapToRegistry data Result {
448 silly mapToRegistry   raw: 'minimist',
448 silly mapToRegistry   scope: null,
448 silly mapToRegistry   escapedName: 'minimist',
448 silly mapToRegistry   name: 'minimist',
448 silly mapToRegistry   rawSpec: '',
448 silly mapToRegistry   spec: 'latest',
448 silly mapToRegistry   type: 'tag' }
449 silly mapToRegistry uri https://registry.npmjs.org/minimist
450 verbose addRemoteTarball https://registry.npmjs.org/minimist/-/minimist-0.1.0.tgz not in flight; adding
451 verbose addRemoteTarball [ 'https://registry.npmjs.org/minimist/-/minimist-0.1.0.tgz',
451 verbose addRemoteTarball   '99df657a52574c21c9057497df742790b2b4c0de' ]
452 info retry fetch attempt 1 at 5:49:10 PM
453 info attempt registry request try #1 at 5:49:10 PM
454 http fetch GET https://registry.npmjs.org/minimist/-/minimist-0.1.0.tgz
455 http 200 https://registry.npmjs.org/phonegap-build
456 verbose headers { server: 'CouchDB/1.5.0 (Erlang OTP/R16B03)',
456 verbose headers   etag: '"9YOYFISZGYYYW3T1NNIP0IQLS"',
456 verbose headers   'content-type': 'application/json',
456 verbose headers   'content-encoding': 'gzip',
456 verbose headers   'cache-control': 'max-age=300',
456 verbose headers   'content-length': '5903',
456 verbose headers   'accept-ranges': 'bytes',
456 verbose headers   date: 'Wed, 07 Sep 2016 12:21:18 GMT',
456 verbose headers   via: '1.1 varnish',
456 verbose headers   age: '0',
456 verbose headers   connection: 'keep-alive',
456 verbose headers   'x-served-by': 'cache-sin6921-SIN',
456 verbose headers   'x-cache': 'HIT',
456 verbose headers   'x-cache-hits': '1',
456 verbose headers   'x-timer': 'S1473250877.759100,VS0,VE264',
456 verbose headers   vary: 'Accept-Encoding' }
457 silly get cb [ 200,
457 silly get   { server: 'CouchDB/1.5.0 (Erlang OTP/R16B03)',
457 silly get     etag: '"9YOYFISZGYYYW3T1NNIP0IQLS"',
457 silly get     'content-type': 'application/json',
457 silly get     'content-encoding': 'gzip',
457 silly get     'cache-control': 'max-age=300',
457 silly get     'content-length': '5903',
457 silly get     'accept-ranges': 'bytes',
457 silly get     date: 'Wed, 07 Sep 2016 12:21:18 GMT',
457 silly get     via: '1.1 varnish',
457 silly get     age: '0',
457 silly get     connection: 'keep-alive',
457 silly get     'x-served-by': 'cache-sin6921-SIN',
457 silly get     'x-cache': 'HIT',
457 silly get     'x-cache-hits': '1',
457 silly get     'x-timer': 'S1473250877.759100,VS0,VE264',
457 silly get     vary: 'Accept-Encoding' } ]
458 verbose get saving phonegap-build to /home/deepank/.npm/registry.npmjs.org/phonegap-build/.cache.json
459 verbose correctMkdir /home/deepank/.npm correctMkdir not in flight; initializing
460 http 200 https://registry.npmjs.org/connect-phonegap
461 verbose headers { server: 'CouchDB/1.5.0 (Erlang OTP/R16B03)',
461 verbose headers   etag: '"76ZNTYO5F32KIP4FOTEG4O95C"',
461 verbose headers   'content-type': 'application/json',
461 verbose headers   'content-encoding': 'gzip',
461 verbose headers   'cache-control': 'max-age=300',
461 verbose headers   'content-length': '11002',
461 verbose headers   'accept-ranges': 'bytes',
461 verbose headers   date: 'Wed, 07 Sep 2016 12:21:18 GMT',
461 verbose headers   via: '1.1 varnish',
461 verbose headers   age: '0',
461 verbose headers   connection: 'keep-alive',
461 verbose headers   'x-served-by': 'cache-sin6921-SIN',
461 verbose headers   'x-cache': 'HIT',
461 verbose headers   'x-cache-hits': '1',
461 verbose headers   'x-timer': 'S1473250877.781398,VS0,VE237',
461 verbose headers   vary: 'Accept-Encoding' }
462 silly get cb [ 200,
462 silly get   { server: 'CouchDB/1.5.0 (Erlang OTP/R16B03)',
462 silly get     etag: '"76ZNTYO5F32KIP4FOTEG4O95C"',
462 silly get     'content-type': 'application/json',
462 silly get     'content-encoding': 'gzip',
462 silly get     'cache-control': 'max-age=300',
462 silly get     'content-length': '11002',
462 silly get     'accept-ranges': 'bytes',
462 silly get     date: 'Wed, 07 Sep 2016 12:21:18 GMT',
462 silly get     via: '1.1 varnish',
462 silly get     age: '0',
462 silly get     connection: 'keep-alive',
462 silly get     'x-served-by': 'cache-sin6921-SIN',
462 silly get     'x-cache': 'HIT',
462 silly get     'x-cache-hits': '1',
462 silly get     'x-timer': 'S1473250877.781398,VS0,VE237',
462 silly get     vary: 'Accept-Encoding' } ]
463 verbose get saving connect-phonegap to /home/deepank/.npm/registry.npmjs.org/connect-phonegap/.cache.json
464 verbose correctMkdir /home/deepank/.npm correctMkdir not in flight; initializing
465 silly resolveWithNewModule phonegap-build@0.10.0 checking installable status
466 silly cache add args [ 'phonegap-build@0.10.0', null ]
467 verbose cache add spec phonegap-build@0.10.0
468 silly cache add parsed spec Result {
468 silly cache add   raw: 'phonegap-build@0.10.0',
468 silly cache add   scope: null,
468 silly cache add   escapedName: 'phonegap-build',
468 silly cache add   name: 'phonegap-build',
468 silly cache add   rawSpec: '0.10.0',
468 silly cache add   spec: '0.10.0',
468 silly cache add   type: 'version' }
469 silly addNamed phonegap-build@0.10.0
470 verbose addNamed "0.10.0" is a plain semver version for phonegap-build
471 silly mapToRegistry name phonegap-build
472 silly mapToRegistry using default registry
473 silly mapToRegistry registry https://registry.npmjs.org/
474 silly mapToRegistry data Result {
474 silly mapToRegistry   raw: 'phonegap-build',
474 silly mapToRegistry   scope: null,
474 silly mapToRegistry   escapedName: 'phonegap-build',
474 silly mapToRegistry   name: 'phonegap-build',
474 silly mapToRegistry   rawSpec: '',
474 silly mapToRegistry   spec: 'latest',
474 silly mapToRegistry   type: 'tag' }
475 silly mapToRegistry uri https://registry.npmjs.org/phonegap-build
476 verbose addNameVersion registry:https://registry.npmjs.org/phonegap-build not in flight; fetching
477 silly resolveWithNewModule connect-phonegap@0.22.0 checking installable status
478 silly cache add args [ 'connect-phonegap@0.22.0', null ]
479 verbose cache add spec connect-phonegap@0.22.0
480 silly cache add parsed spec Result {
480 silly cache add   raw: 'connect-phonegap@0.22.0',
480 silly cache add   scope: null,
480 silly cache add   escapedName: 'connect-phonegap',
480 silly cache add   name: 'connect-phonegap',
480 silly cache add   rawSpec: '0.22.0',
480 silly cache add   spec: '0.22.0',
480 silly cache add   type: 'version' }
481 silly addNamed connect-phonegap@0.22.0
482 verbose addNamed "0.22.0" is a plain semver version for connect-phonegap
483 silly mapToRegistry name connect-phonegap
484 silly mapToRegistry using default registry
485 silly mapToRegistry registry https://registry.npmjs.org/
486 silly mapToRegistry data Result {
486 silly mapToRegistry   raw: 'connect-phonegap',
486 silly mapToRegistry   scope: null,
486 silly mapToRegistry   escapedName: 'connect-phonegap',
486 silly mapToRegistry   name: 'connect-phonegap',
486 silly mapToRegistry   rawSpec: '',
486 silly mapToRegistry   spec: 'latest',
486 silly mapToRegistry   type: 'tag' }
487 silly mapToRegistry uri https://registry.npmjs.org/connect-phonegap
488 verbose addNameVersion registry:https://registry.npmjs.org/connect-phonegap not in flight; fetching
489 verbose get https://registry.npmjs.org/phonegap-build not expired, no request
490 silly mapToRegistry name phonegap-build
491 silly mapToRegistry using default registry
492 silly mapToRegistry registry https://registry.npmjs.org/
493 silly mapToRegistry data Result {
493 silly mapToRegistry   raw: 'phonegap-build',
493 silly mapToRegistry   scope: null,
493 silly mapToRegistry   escapedName: 'phonegap-build',
493 silly mapToRegistry   name: 'phonegap-build',
493 silly mapToRegistry   rawSpec: '',
493 silly mapToRegistry   spec: 'latest',
493 silly mapToRegistry   type: 'tag' }
494 silly mapToRegistry uri https://registry.npmjs.org/phonegap-build
495 verbose addRemoteTarball https://registry.npmjs.org/phonegap-build/-/phonegap-build-0.10.0.tgz not in flight; adding
496 verbose addRemoteTarball [ 'https://registry.npmjs.org/phonegap-build/-/phonegap-build-0.10.0.tgz',
496 verbose addRemoteTarball   'da4918d551d31754ffe33862f0a79d5cc5744dbc' ]
497 verbose get https://registry.npmjs.org/connect-phonegap not expired, no request
498 silly mapToRegistry name connect-phonegap
499 silly mapToRegistry using default registry
500 silly mapToRegistry registry https://registry.npmjs.org/
501 silly mapToRegistry data Result {
501 silly mapToRegistry   raw: 'connect-phonegap',
501 silly mapToRegistry   scope: null,
501 silly mapToRegistry   escapedName: 'connect-phonegap',
501 silly mapToRegistry   name: 'connect-phonegap',
501 silly mapToRegistry   rawSpec: '',
501 silly mapToRegistry   spec: 'latest',
501 silly mapToRegistry   type: 'tag' }
502 silly mapToRegistry uri https://registry.npmjs.org/connect-phonegap
503 verbose addRemoteTarball https://registry.npmjs.org/connect-phonegap/-/connect-phonegap-0.22.0.tgz not in flight; adding
504 verbose addRemoteTarball [ 'https://registry.npmjs.org/connect-phonegap/-/connect-phonegap-0.22.0.tgz',
504 verbose addRemoteTarball   '37aeb23fc12c5e78cc7634f548c2b258e50ffa78' ]
505 http fetch 200 https://registry.npmjs.org/semver/-/semver-1.1.0.tgz
506 silly fetchAndShaCheck shasum da9b9c837e31550a7c928622bc2381de7dd7a53e
507 verbose addTmpTarball /tmp/npm-25483-ff809779/registry.npmjs.org/semver/-/semver-1.1.0.tgz not in flight; adding
508 verbose addTmpTarball already have metadata; skipping unpack for semver@1.1.0
509 verbose correctMkdir /home/deepank/.npm correctMkdir not in flight; initializing
510 info retry fetch attempt 1 at 5:49:10 PM
511 info attempt registry request try #1 at 5:49:10 PM
512 http fetch GET https://registry.npmjs.org/phonegap-build/-/phonegap-build-0.10.0.tgz
513 info retry fetch attempt 1 at 5:49:10 PM
514 info attempt registry request try #1 at 5:49:10 PM
515 http fetch GET https://registry.npmjs.org/connect-phonegap/-/connect-phonegap-0.22.0.tgz
516 silly cache afterAdd semver@1.1.0
517 verbose afterAdd /home/deepank/.npm/semver/1.1.0/package/package.json not in flight; writing
518 verbose correctMkdir /home/deepank/.npm correctMkdir not in flight; initializing
519 verbose afterAdd /home/deepank/.npm/semver/1.1.0/package/package.json written
520 http 200 https://registry.npmjs.org/qrcode-terminal
521 verbose headers { server: 'CouchDB/1.5.0 (Erlang OTP/R16B03)',
521 verbose headers   etag: '"4BKLP6045MG7AULLJPSWG44MT"',
521 verbose headers   'content-type': 'application/json',
521 verbose headers   'content-encoding': 'gzip',
521 verbose headers   'cache-control': 'max-age=300',
521 verbose headers   'content-length': '3072',
521 verbose headers   'accept-ranges': 'bytes',
521 verbose headers   date: 'Wed, 07 Sep 2016 12:21:18 GMT',
521 verbose headers   via: '1.1 varnish',
521 verbose headers   age: '0',
521 verbose headers   connection: 'keep-alive',
521 verbose headers   'x-served-by': 'cache-sin6924-SIN',
521 verbose headers   'x-cache': 'HIT',
521 verbose headers   'x-cache-hits': '1',
521 verbose headers   'x-timer': 'S1473250877.817505,VS0,VE271',
521 verbose headers   vary: 'Accept-Encoding' }
522 silly get cb [ 200,
522 silly get   { server: 'CouchDB/1.5.0 (Erlang OTP/R16B03)',
522 silly get     etag: '"4BKLP6045MG7AULLJPSWG44MT"',
522 silly get     'content-type': 'application/json',
522 silly get     'content-encoding': 'gzip',
522 silly get     'cache-control': 'max-age=300',
522 silly get     'content-length': '3072',
522 silly get     'accept-ranges': 'bytes',
522 silly get     date: 'Wed, 07 Sep 2016 12:21:18 GMT',
522 silly get     via: '1.1 varnish',
522 silly get     age: '0',
522 silly get     connection: 'keep-alive',
522 silly get     'x-served-by': 'cache-sin6924-SIN',
522 silly get     'x-cache': 'HIT',
522 silly get     'x-cache-hits': '1',
522 silly get     'x-timer': 'S1473250877.817505,VS0,VE271',
522 silly get     vary: 'Accept-Encoding' } ]
523 verbose get saving qrcode-terminal to /home/deepank/.npm/registry.npmjs.org/qrcode-terminal/.cache.json
524 verbose correctMkdir /home/deepank/.npm correctMkdir not in flight; initializing
525 silly resolveWithNewModule qrcode-terminal@0.9.4 checking installable status
526 silly cache add args [ 'qrcode-terminal@0.9.4', null ]
527 verbose cache add spec qrcode-terminal@0.9.4
528 silly cache add parsed spec Result {
528 silly cache add   raw: 'qrcode-terminal@0.9.4',
528 silly cache add   scope: null,
528 silly cache add   escapedName: 'qrcode-terminal',
528 silly cache add   name: 'qrcode-terminal',
528 silly cache add   rawSpec: '0.9.4',
528 silly cache add   spec: '0.9.4',
528 silly cache add   type: 'version' }
529 silly addNamed qrcode-terminal@0.9.4
530 verbose addNamed "0.9.4" is a plain semver version for qrcode-terminal
531 silly mapToRegistry name qrcode-terminal
532 silly mapToRegistry using default registry
533 silly mapToRegistry registry https://registry.npmjs.org/
534 silly mapToRegistry data Result {
534 silly mapToRegistry   raw: 'qrcode-terminal',
534 silly mapToRegistry   scope: null,
534 silly mapToRegistry   escapedName: 'qrcode-terminal',
534 silly mapToRegistry   name: 'qrcode-terminal',
534 silly mapToRegistry   rawSpec: '',
534 silly mapToRegistry   spec: 'latest',
534 silly mapToRegistry   type: 'tag' }
535 silly mapToRegistry uri https://registry.npmjs.org/qrcode-terminal
536 verbose addNameVersion registry:https://registry.npmjs.org/qrcode-terminal not in flight; fetching
537 verbose get https://registry.npmjs.org/qrcode-terminal not expired, no request
538 silly mapToRegistry name qrcode-terminal
539 silly mapToRegistry using default registry
540 silly mapToRegistry registry https://registry.npmjs.org/
541 silly mapToRegistry data Result {
541 silly mapToRegistry   raw: 'qrcode-terminal',
541 silly mapToRegistry   scope: null,
541 silly mapToRegistry   escapedName: 'qrcode-terminal',
541 silly mapToRegistry   name: 'qrcode-terminal',
541 silly mapToRegistry   rawSpec: '',
541 silly mapToRegistry   spec: 'latest',
541 silly mapToRegistry   type: 'tag' }
542 silly mapToRegistry uri https://registry.npmjs.org/qrcode-terminal
543 verbose addRemoteTarball https://registry.npmjs.org/qrcode-terminal/-/qrcode-terminal-0.9.4.tgz not in flight; adding
544 verbose addRemoteTarball [ 'https://registry.npmjs.org/qrcode-terminal/-/qrcode-terminal-0.9.4.tgz',
544 verbose addRemoteTarball   '7cde46b544ca667971c69c6acebf5074bd5045bb' ]
545 info retry fetch attempt 1 at 5:49:10 PM
546 info attempt registry request try #1 at 5:49:10 PM
547 http fetch GET https://registry.npmjs.org/qrcode-terminal/-/qrcode-terminal-0.9.4.tgz
548 http fetch 200 https://registry.npmjs.org/insight/-/insight-0.8.2.tgz
549 silly fetchAndShaCheck shasum 18c2acf1b6055491278fc7529f1f21d32e1f0eda
550 verbose addTmpTarball /tmp/npm-25483-ff809779/registry.npmjs.org/insight/-/insight-0.8.2.tgz not in flight; adding
551 verbose addTmpTarball already have metadata; skipping unpack for insight@0.8.2
552 verbose correctMkdir /home/deepank/.npm correctMkdir not in flight; initializing
553 silly cache afterAdd insight@0.8.2
554 verbose afterAdd /home/deepank/.npm/insight/0.8.2/package/package.json not in flight; writing
555 verbose correctMkdir /home/deepank/.npm correctMkdir not in flight; initializing
556 http fetch 200 https://registry.npmjs.org/prompt/-/prompt-0.2.11.tgz
557 verbose afterAdd /home/deepank/.npm/insight/0.8.2/package/package.json written
558 http fetch 200 https://registry.npmjs.org/minimist/-/minimist-0.1.0.tgz
559 silly fetchAndShaCheck shasum 99df657a52574c21c9057497df742790b2b4c0de
560 verbose addTmpTarball /tmp/npm-25483-ff809779/registry.npmjs.org/minimist/-/minimist-0.1.0.tgz not in flight; adding
561 verbose addTmpTarball already have metadata; skipping unpack for minimist@0.1.0
562 verbose correctMkdir /home/deepank/.npm correctMkdir not in flight; initializing
563 silly cache afterAdd minimist@0.1.0
564 verbose afterAdd /home/deepank/.npm/minimist/0.1.0/package/package.json not in flight; writing
565 verbose correctMkdir /home/deepank/.npm correctMkdir not in flight; initializing
566 verbose afterAdd /home/deepank/.npm/minimist/0.1.0/package/package.json written
567 http fetch 200 https://registry.npmjs.org/phonegap-build/-/phonegap-build-0.10.0.tgz
568 http fetch 200 https://registry.npmjs.org/connect-phonegap/-/connect-phonegap-0.22.0.tgz
569 http fetch 200 https://registry.npmjs.org/qrcode-terminal/-/qrcode-terminal-0.9.4.tgz
570 silly fetchAndShaCheck shasum 26d455af4b7fac15291dfcdddf2400328c1fa446
571 verbose addTmpTarball /tmp/npm-25483-ff809779/registry.npmjs.org/prompt/-/prompt-0.2.11.tgz not in flight; adding
572 verbose addTmpTarball already have metadata; skipping unpack for prompt@0.2.11
573 verbose correctMkdir /home/deepank/.npm correctMkdir not in flight; initializing
574 silly cache afterAdd prompt@0.2.11
575 verbose afterAdd /home/deepank/.npm/prompt/0.2.11/package/package.json not in flight; writing
576 verbose correctMkdir /home/deepank/.npm correctMkdir not in flight; initializing
577 verbose afterAdd /home/deepank/.npm/prompt/0.2.11/package/package.json written
578 silly fetchAndShaCheck shasum 7cde46b544ca667971c69c6acebf5074bd5045bb
579 verbose addTmpTarball /tmp/npm-25483-ff809779/registry.npmjs.org/qrcode-terminal/-/qrcode-terminal-0.9.4.tgz not in flight; adding
580 verbose addTmpTarball already have metadata; skipping unpack for qrcode-terminal@0.9.4
581 verbose correctMkdir /home/deepank/.npm correctMkdir not in flight; initializing
582 silly cache afterAdd qrcode-terminal@0.9.4
583 verbose afterAdd /home/deepank/.npm/qrcode-terminal/0.9.4/package/package.json not in flight; writing
584 verbose correctMkdir /home/deepank/.npm correctMkdir not in flight; initializing
585 verbose afterAdd /home/deepank/.npm/qrcode-terminal/0.9.4/package/package.json written
586 http 200 https://registry.npmjs.org/cordova
587 verbose headers { server: 'CouchDB/1.5.0 (Erlang OTP/R16B03)',
587 verbose headers   etag: '"5BWEESPDQ6UT5IHNMEEWAHFA8"',
587 verbose headers   'content-type': 'application/json',
587 verbose headers   'content-encoding': 'gzip',
587 verbose headers   'cache-control': 'max-age=300',
587 verbose headers   'content-length': '51821',
587 verbose headers   'accept-ranges': 'bytes',
587 verbose headers   date: 'Wed, 07 Sep 2016 12:21:18 GMT',
587 verbose headers   via: '1.1 varnish',
587 verbose headers   age: '0',
587 verbose headers   connection: 'keep-alive',
587 verbose headers   'x-served-by': 'cache-sin6920-SIN',
587 verbose headers   'x-cache': 'HIT',
587 verbose headers   'x-cache-hits': '1',
587 verbose headers   'x-timer': 'S1473250877.932370,VS0,VE249',
587 verbose headers   vary: 'Accept-Encoding' }
588 silly get cb [ 200,
588 silly get   { server: 'CouchDB/1.5.0 (Erlang OTP/R16B03)',
588 silly get     etag: '"5BWEESPDQ6UT5IHNMEEWAHFA8"',
588 silly get     'content-type': 'application/json',
588 silly get     'content-encoding': 'gzip',
588 silly get     'cache-control': 'max-age=300',
588 silly get     'content-length': '51821',
588 silly get     'accept-ranges': 'bytes',
588 silly get     date: 'Wed, 07 Sep 2016 12:21:18 GMT',
588 silly get     via: '1.1 varnish',
588 silly get     age: '0',
588 silly get     connection: 'keep-alive',
588 silly get     'x-served-by': 'cache-sin6920-SIN',
588 silly get     'x-cache': 'HIT',
588 silly get     'x-cache-hits': '1',
588 silly get     'x-timer': 'S1473250877.932370,VS0,VE249',
588 silly get     vary: 'Accept-Encoding' } ]
589 verbose get saving cordova to /home/deepank/.npm/registry.npmjs.org/cordova/.cache.json
590 verbose correctMkdir /home/deepank/.npm correctMkdir not in flight; initializing
591 silly resolveWithNewModule cordova@6.1.1 checking installable status
592 silly cache add args [ 'cordova@6.1.1', null ]
593 verbose cache add spec cordova@6.1.1
594 silly cache add parsed spec Result {
594 silly cache add   raw: 'cordova@6.1.1',
594 silly cache add   scope: null,
594 silly cache add   escapedName: 'cordova',
594 silly cache add   name: 'cordova',
594 silly cache add   rawSpec: '6.1.1',
594 silly cache add   spec: '6.1.1',
594 silly cache add   type: 'version' }
595 silly addNamed cordova@6.1.1
596 verbose addNamed "6.1.1" is a plain semver version for cordova
597 silly mapToRegistry name cordova
598 silly mapToRegistry using default registry
599 silly mapToRegistry registry https://registry.npmjs.org/
600 silly mapToRegistry data Result {
600 silly mapToRegistry   raw: 'cordova',
600 silly mapToRegistry   scope: null,
600 silly mapToRegistry   escapedName: 'cordova',
600 silly mapToRegistry   name: 'cordova',
600 silly mapToRegistry   rawSpec: '',
600 silly mapToRegistry   spec: 'latest',
600 silly mapToRegistry   type: 'tag' }
601 silly mapToRegistry uri https://registry.npmjs.org/cordova
602 verbose addNameVersion registry:https://registry.npmjs.org/cordova not in flight; fetching
603 verbose get https://registry.npmjs.org/cordova not expired, no request
604 silly mapToRegistry name cordova
605 silly mapToRegistry using default registry
606 silly mapToRegistry registry https://registry.npmjs.org/
607 silly mapToRegistry data Result {
607 silly mapToRegistry   raw: 'cordova',
607 silly mapToRegistry   scope: null,
607 silly mapToRegistry   escapedName: 'cordova',
607 silly mapToRegistry   name: 'cordova',
607 silly mapToRegistry   rawSpec: '',
607 silly mapToRegistry   spec: 'latest',
607 silly mapToRegistry   type: 'tag' }
608 silly mapToRegistry uri https://registry.npmjs.org/cordova
609 verbose addRemoteTarball https://registry.npmjs.org/cordova/-/cordova-6.1.1.tgz not in flight; adding
610 verbose addRemoteTarball [ 'https://registry.npmjs.org/cordova/-/cordova-6.1.1.tgz',
610 verbose addRemoteTarball   '156488fe453182941e6034516d4e0f2f85dd47bc' ]
611 info retry fetch attempt 1 at 5:49:11 PM
612 info attempt registry request try #1 at 5:49:11 PM
613 http fetch GET https://registry.npmjs.org/cordova/-/cordova-6.1.1.tgz
614 http fetch 200 https://registry.npmjs.org/update-notifier/-/update-notifier-0.6.3.tgz
615 silly fetchAndShaCheck shasum 776dec8daa13e962a341e8a1d98354306b67ae08
616 verbose addTmpTarball /tmp/npm-25483-ff809779/registry.npmjs.org/update-notifier/-/update-notifier-0.6.3.tgz not in flight; adding
617 verbose addTmpTarball already have metadata; skipping unpack for update-notifier@0.6.3
618 verbose correctMkdir /home/deepank/.npm correctMkdir not in flight; initializing
619 silly cache afterAdd update-notifier@0.6.3
620 verbose afterAdd /home/deepank/.npm/update-notifier/0.6.3/package/package.json not in flight; writing
621 verbose correctMkdir /home/deepank/.npm correctMkdir not in flight; initializing
622 verbose afterAdd /home/deepank/.npm/update-notifier/0.6.3/package/package.json written
623 http fetch 200 https://registry.npmjs.org/cordova/-/cordova-6.1.1.tgz
624 silly fetchAndShaCheck shasum 156488fe453182941e6034516d4e0f2f85dd47bc
625 http 200 https://registry.npmjs.org/pluralize
626 verbose headers { server: 'CouchDB/1.6.1 (Erlang OTP/R16B03)',
626 verbose headers   etag: '"54PQYN1YS0VIUK84BL3OSM5R8"',
626 verbose headers   'content-type': 'application/json',
626 verbose headers   'content-encoding': 'gzip',
626 verbose headers   'cache-control': 'max-age=300',
626 verbose headers   'content-length': '5048',
626 verbose headers   'accept-ranges': 'bytes',
626 verbose headers   date: 'Wed, 07 Sep 2016 12:21:18 GMT',
626 verbose headers   via: '1.1 varnish',
626 verbose headers   age: '0',
626 verbose headers   connection: 'keep-alive',
626 verbose headers   'x-served-by': 'cache-sin6921-SIN',
626 verbose headers   'x-cache': 'HIT',
626 verbose headers   'x-cache-hits': '1',
626 verbose headers   'x-timer': 'S1473250877.830667,VS0,VE936',
626 verbose headers   vary: 'Accept-Encoding' }
627 silly get cb [ 200,
627 silly get   { server: 'CouchDB/1.6.1 (Erlang OTP/R16B03)',
627 silly get     etag: '"54PQYN1YS0VIUK84BL3OSM5R8"',
627 silly get     'content-type': 'application/json',
627 silly get     'content-encoding': 'gzip',
627 silly get     'cache-control': 'max-age=300',
627 silly get     'content-length': '5048',
627 silly get     'accept-ranges': 'bytes',
627 silly get     date: 'Wed, 07 Sep 2016 12:21:18 GMT',
627 silly get     via: '1.1 varnish',
627 silly get     age: '0',
627 silly get     connection: 'keep-alive',
627 silly get     'x-served-by': 'cache-sin6921-SIN',
627 silly get     'x-cache': 'HIT',
627 silly get     'x-cache-hits': '1',
627 silly get     'x-timer': 'S1473250877.830667,VS0,VE936',
627 silly get     vary: 'Accept-Encoding' } ]
628 verbose get saving pluralize to /home/deepank/.npm/registry.npmjs.org/pluralize/.cache.json
629 verbose correctMkdir /home/deepank/.npm correctMkdir not in flight; initializing
630 verbose addTmpTarball /tmp/npm-25483-ff809779/registry.npmjs.org/cordova/-/cordova-6.1.1.tgz not in flight; adding
631 verbose addTmpTarball already have metadata; skipping unpack for cordova@6.1.1
632 verbose correctMkdir /home/deepank/.npm correctMkdir not in flight; initializing
633 silly resolveWithNewModule pluralize@0.0.4 checking installable status
634 silly cache add args [ 'pluralize@0.0.4', null ]
635 verbose cache add spec pluralize@0.0.4
636 silly cache add parsed spec Result {
636 silly cache add   raw: 'pluralize@0.0.4',
636 silly cache add   scope: null,
636 silly cache add   escapedName: 'pluralize',
636 silly cache add   name: 'pluralize',
636 silly cache add   rawSpec: '0.0.4',
636 silly cache add   spec: '0.0.4',
636 silly cache add   type: 'version' }
637 silly addNamed pluralize@0.0.4
638 verbose addNamed "0.0.4" is a plain semver version for pluralize
639 silly mapToRegistry name pluralize
640 silly mapToRegistry using default registry
641 silly mapToRegistry registry https://registry.npmjs.org/
642 silly mapToRegistry data Result {
642 silly mapToRegistry   raw: 'pluralize',
642 silly mapToRegistry   scope: null,
642 silly mapToRegistry   escapedName: 'pluralize',
642 silly mapToRegistry   name: 'pluralize',
642 silly mapToRegistry   rawSpec: '',
642 silly mapToRegistry   spec: 'latest',
642 silly mapToRegistry   type: 'tag' }
643 silly mapToRegistry uri https://registry.npmjs.org/pluralize
644 verbose addNameVersion registry:https://registry.npmjs.org/pluralize not in flight; fetching
645 verbose get https://registry.npmjs.org/pluralize not expired, no request
646 silly mapToRegistry name pluralize
647 silly mapToRegistry using default registry
648 silly mapToRegistry registry https://registry.npmjs.org/
649 silly mapToRegistry data Result {
649 silly mapToRegistry   raw: 'pluralize',
649 silly mapToRegistry   scope: null,
649 silly mapToRegistry   escapedName: 'pluralize',
649 silly mapToRegistry   name: 'pluralize',
649 silly mapToRegistry   rawSpec: '',
649 silly mapToRegistry   spec: 'latest',
649 silly mapToRegistry   type: 'tag' }
650 silly mapToRegistry uri https://registry.npmjs.org/pluralize
651 verbose addRemoteTarball https://registry.npmjs.org/pluralize/-/pluralize-0.0.4.tgz not in flight; adding
652 verbose addRemoteTarball [ 'https://registry.npmjs.org/pluralize/-/pluralize-0.0.4.tgz',
652 verbose addRemoteTarball   '1dc3f5dd4ec729a7e92e5387ec8de120c7b5146d' ]
653 info retry fetch attempt 1 at 5:49:11 PM
654 info attempt registry request try #1 at 5:49:11 PM
655 http fetch GET https://registry.npmjs.org/pluralize/-/pluralize-0.0.4.tgz
656 silly cache afterAdd cordova@6.1.1
657 verbose afterAdd /home/deepank/.npm/cordova/6.1.1/package/package.json not in flight; writing
658 verbose correctMkdir /home/deepank/.npm correctMkdir not in flight; initializing
659 verbose afterAdd /home/deepank/.npm/cordova/6.1.1/package/package.json written
660 http fetch 200 https://registry.npmjs.org/pluralize/-/pluralize-0.0.4.tgz
661 silly fetchAndShaCheck shasum 1dc3f5dd4ec729a7e92e5387ec8de120c7b5146d
662 verbose addTmpTarball /tmp/npm-25483-ff809779/registry.npmjs.org/pluralize/-/pluralize-0.0.4.tgz not in flight; adding
663 verbose addTmpTarball already have metadata; skipping unpack for pluralize@0.0.4
664 verbose correctMkdir /home/deepank/.npm correctMkdir not in flight; initializing
665 silly cache afterAdd pluralize@0.0.4
666 verbose afterAdd /home/deepank/.npm/pluralize/0.0.4/package/package.json not in flight; writing
667 verbose correctMkdir /home/deepank/.npm correctMkdir not in flight; initializing
668 verbose afterAdd /home/deepank/.npm/pluralize/0.0.4/package/package.json written
669 silly fetchAndShaCheck shasum 37aeb23fc12c5e78cc7634f548c2b258e50ffa78
670 verbose addTmpTarball /tmp/npm-25483-ff809779/registry.npmjs.org/connect-phonegap/-/connect-phonegap-0.22.0.tgz not in flight; adding
671 verbose addTmpTarball already have metadata; skipping unpack for connect-phonegap@0.22.0
672 verbose correctMkdir /home/deepank/.npm correctMkdir not in flight; initializing
673 silly cache afterAdd connect-phonegap@0.22.0
674 verbose afterAdd /home/deepank/.npm/connect-phonegap/0.22.0/package/package.json not in flight; writing
675 verbose correctMkdir /home/deepank/.npm correctMkdir not in flight; initializing
676 verbose afterAdd /home/deepank/.npm/connect-phonegap/0.22.0/package/package.json written
677 silly fetchAndShaCheck shasum da4918d551d31754ffe33862f0a79d5cc5744dbc
678 silly rollbackFailedOptional Starting
679 silly rollbackFailedOptional Finishing
680 silly runTopLevelLifecycles Starting
681 silly runTopLevelLifecycles Finishing
682 silly install printInstalled
683 verbose stack Error: shasum check failed for /tmp/npm-25483-ff809779/registry.npmjs.org/phonegap-build/-/phonegap-build-0.10.0.tgz
683 verbose stack Expected: da4918d551d31754ffe33862f0a79d5cc5744dbc
683 verbose stack Actual:   0bcb8e4f4755f44bc41124fde24da7758cf01c44
683 verbose stack From:     https://registry.npmjs.org/phonegap-build/-/phonegap-build-0.10.0.tgz
683 verbose stack     at /usr/lib/node_modules/npm/node_modules/sha/index.js:25:8
683 verbose stack     at ReadStream.<anonymous> (/usr/lib/node_modules/npm/node_modules/sha/index.js:72:7)
683 verbose stack     at emitNone (events.js:72:20)
683 verbose stack     at ReadStream.emit (events.js:166:7)
683 verbose stack     at endReadableNT (_stream_readable.js:921:12)
683 verbose stack     at nextTickCallbackWith2Args (node.js:442:9)
683 verbose stack     at process._tickCallback (node.js:356:17)
684 verbose cwd /home/deepank/Documents/fab2u/mobile-app
685 error Linux 4.4.0-31-generic
686 error argv "/usr/bin/nodejs" "/usr/bin/npm" "install" "-g" "phonegap"
687 error node v4.5.0
688 error npm  v3.10.6
689 error shasum check failed for /tmp/npm-25483-ff809779/registry.npmjs.org/phonegap-build/-/phonegap-build-0.10.0.tgz
689 error Expected: da4918d551d31754ffe33862f0a79d5cc5744dbc
689 error Actual:   0bcb8e4f4755f44bc41124fde24da7758cf01c44
689 error From:     https://registry.npmjs.org/phonegap-build/-/phonegap-build-0.10.0.tgz
690 error If you need help, you may report this error at:
690 error     <https://github.com/npm/npm/issues>
691 verbose exit [ 1, true ]
